<?xml version="1.0" encoding="UTF-8"?>
<!-- Generated by org.testng.reporters.JUnitReportReporter -->
<testsuite hostname="Pavan_Laptop" failures="0" tests="3" name="product.SL_ErrorValidations" time="8.167" errors="0" timestamp="2022-11-17T22:11:09 IST" skipped="0">
  <testcase classname="product.SL_ErrorValidations" name="SL_Username_MIssing" time="2.773"/>
  <system-out/>
  <testcase classname="product.SL_ErrorValidations" name="SL_Password_Missing" time="2.599"/>
  <system-out/>
  <testcase classname="product.SL_ErrorValidations" name="SL_Wrong_Credentials" time="2.795"/>
  <system-out/>
</testsuite> <!-- product.SL_ErrorValidations -->
