<?xml version="1.0" encoding="UTF-8"?>
<!-- Generated by org.testng.reporters.JUnitReportReporter -->
<testsuite hostname="Pavan_Laptop" failures="0" tests="1" name="product.SauceLabs" time="21.451" errors="0" timestamp="2022-11-17T22:11:09 IST" skipped="0">
  <testcase classname="product.SauceLabs" name="PurchaseOrder" time="21.451"/>
  <system-out/>
</testsuite> <!-- product.SauceLabs -->
